<?xml version="1.0" encoding="UTF-8"?>
<!-- Generated by org.testng.reporters.JUnitXMLReporter -->
<testsuite ignored="0" hostname="DESKTOP-LO4RKDQ" failures="0" tests="4" name="Run on FIREFOX" time="0.005" errors="0" timestamp="26 thg 2 2023 03:42:42 GMT">
  <testcase classname="com.bankguru.user.Level_05_Handle_Mutiple_Browser" name="@BeforeClass beforeClass" time="0.001">
    <failure type="java.lang.RuntimeException" message="Please choose browser name">
      <![CDATA[java.lang.RuntimeException: Please choose browser name
at com.bankguru.user.Level_05_Handle_Mutiple_Browser.beforeClass(Level_05_Handle_Mutiple_Browser.java:46)
... Removed 24 stack frames]]>
    </failure>
  </testcase> <!-- @BeforeClass beforeClass -->
  <testcase classname="com.bankguru.user.Level_05_Handle_Mutiple_Browser" name="@AfterClass afterClass" time="0.0">
    <skipped/>
  </testcase> <!-- @AfterClass afterClass -->
  <testcase classname="com.bankguru.user.Level_05_Handle_Mutiple_Browser" name="TC_01_Register_To_System" time="0.0">
    <skipped/>
  </testcase> <!-- TC_01_Register_To_System -->
  <testcase classname="com.bankguru.user.Level_05_Handle_Mutiple_Browser" name="TC_02_Login_Page" time="0.0">
    <skipped/>
  </testcase> <!-- TC_02_Login_Page -->
  <testcase classname="com.bankguru.user.Level_05_Handle_Mutiple_Browser" name="TC_03_New_Customer" time="0.0">
    <skipped/>
  </testcase> <!-- TC_03_New_Customer -->
  <testcase classname="com.bankguru.user.Level_05_Handle_Mutiple_Browser" name="TC_04_Logout" time="0.0">
    <skipped/>
  </testcase> <!-- TC_04_Logout -->
</testsuite> <!-- Run on FIREFOX -->
