<?xml version="1.0" encoding="UTF-8"?>
<testng-results ignored="0" total="1" passed="1" failed="0" skipped="0">
  <reporter-output>
  </reporter-output>
  <suite started-at="2023-07-24T13:13:52Z" name="Bankguru" finished-at="2023-07-24T13:14:05Z" duration-ms="13275">
    <groups>
    </groups>
    <test started-at="2023-07-24T13:13:52Z" name="Run on Chrome" finished-at="2023-07-24T13:14:05Z" duration-ms="13275">
      <class name="com.jquery.datatable.Level_12_DataTable">
        <test-method is-config="true" signature="beforeClass()[pri:0, instance:com.jquery.datatable.Level_12_DataTable@2cbb3d47]" started-at="2023-07-24T13:13:52Z" name="beforeClass" finished-at="2023-07-24T13:13:55Z" duration-ms="2991" status="PASS">
          <reporter-output>
          </reporter-output>
        </test-method> <!-- beforeClass -->
        <test-method signature="TC_01_InputData()[pri:0, instance:com.jquery.datatable.Level_12_DataTable@2cbb3d47]" started-at="2023-07-24T13:13:55Z" name="TC_01_InputData" finished-at="2023-07-24T13:14:05Z" duration-ms="10200" status="PASS">
          <reporter-output>
          </reporter-output>
        </test-method> <!-- TC_01_InputData -->
        <test-method is-config="true" signature="afterClass()[pri:0, instance:com.jquery.datatable.Level_12_DataTable@2cbb3d47]" started-at="2023-07-24T13:14:05Z" name="afterClass" finished-at="2023-07-24T13:14:05Z" duration-ms="77" status="PASS">
          <reporter-output>
          </reporter-output>
        </test-method> <!-- afterClass -->
      </class> <!-- com.jquery.datatable.Level_12_DataTable -->
    </test> <!-- Run on Chrome -->
  </suite> <!-- Bankguru -->
</testng-results>
